e:\program kantor\blackmagic_decklink_sdk_11.4\win\samples\fileplayback\win32\release\fileplayback.pch
e:\program kantor\blackmagic_decklink_sdk_11.4\win\samples\fileplayback\win32\release\vc142.pdb
e:\program kantor\blackmagic_decklink_sdk_11.4\win\samples\fileplayback\win32\release\stdafx.obj
e:\program kantor\blackmagic_decklink_sdk_11.4\win\samples\fileplayback\win32\release\decklinkapi_i.obj
e:\program kantor\blackmagic_decklink_sdk_11.4\win\samples\fileplayback\win32\release\sourcereader.obj
e:\program kantor\blackmagic_decklink_sdk_11.4\win\samples\fileplayback\win32\release\profilecallback.obj
e:\program kantor\blackmagic_decklink_sdk_11.4\win\samples\fileplayback\win32\release\previewwindow.obj
e:\program kantor\blackmagic_decklink_sdk_11.4\win\samples\fileplayback\win32\release\playbackvideoframe.obj
e:\program kantor\blackmagic_decklink_sdk_11.4\win\samples\fileplayback\win32\release\playbackaudiopacket.obj
e:\program kantor\blackmagic_decklink_sdk_11.4\win\samples\fileplayback\win32\release\fileplaybackdlg.obj
e:\program kantor\blackmagic_decklink_sdk_11.4\win\samples\fileplayback\win32\release\fileplayback.obj
e:\program kantor\blackmagic_decklink_sdk_11.4\win\samples\fileplayback\win32\release\decklinkoutputdevice.obj
e:\program kantor\blackmagic_decklink_sdk_11.4\win\samples\fileplayback\win32\release\decklinkdevicediscovery.obj
e:\program kantor\blackmagic_decklink_sdk_11.4\win\samples\fileplayback\win32\release\fileplayback.ipdb
e:\program kantor\blackmagic_decklink_sdk_11.4\win\samples\fileplayback\win32\release\fileplayback.iobj
e:\program kantor\blackmagic_decklink_sdk_11.4\win\samples\fileplayback\win32\release\fileplayback.exe
e:\program kantor\blackmagic_decklink_sdk_11.4\win\samples\fileplayback\win32\release\fileplayback.pdb
e:\program kantor\blackmagic_decklink_sdk_11.4\win\samples\fileplayback\win32\release\fileplayback.tlb
e:\program kantor\blackmagic_decklink_sdk_11.4\win\samples\fileplayback\decklinkapi_i.c
e:\program kantor\blackmagic_decklink_sdk_11.4\win\samples\fileplayback\decklinkapi_h.h
e:\program kantor\blackmagic_decklink_sdk_11.4\win\samples\fileplayback\win32\release\fileplayback.res
e:\program kantor\blackmagic_decklink_sdk_11.4\win\samples\fileplayback\win32\release\fileplayback.tlog\cl.command.1.tlog
e:\program kantor\blackmagic_decklink_sdk_11.4\win\samples\fileplayback\win32\release\fileplayback.tlog\cl.read.1.tlog
e:\program kantor\blackmagic_decklink_sdk_11.4\win\samples\fileplayback\win32\release\fileplayback.tlog\cl.write.1.tlog
e:\program kantor\blackmagic_decklink_sdk_11.4\win\samples\fileplayback\win32\release\fileplayback.tlog\fileplayback.write.1u.tlog
e:\program kantor\blackmagic_decklink_sdk_11.4\win\samples\fileplayback\win32\release\fileplayback.tlog\link.command.1.tlog
e:\program kantor\blackmagic_decklink_sdk_11.4\win\samples\fileplayback\win32\release\fileplayback.tlog\link.delete.1.tlog
e:\program kantor\blackmagic_decklink_sdk_11.4\win\samples\fileplayback\win32\release\fileplayback.tlog\link.read.1.tlog
e:\program kantor\blackmagic_decklink_sdk_11.4\win\samples\fileplayback\win32\release\fileplayback.tlog\link.write.1.tlog
e:\program kantor\blackmagic_decklink_sdk_11.4\win\samples\fileplayback\win32\release\fileplayback.tlog\midl.command.1.tlog
e:\program kantor\blackmagic_decklink_sdk_11.4\win\samples\fileplayback\win32\release\fileplayback.tlog\midl.read.1.tlog
e:\program kantor\blackmagic_decklink_sdk_11.4\win\samples\fileplayback\win32\release\fileplayback.tlog\midl.write.1.tlog
e:\program kantor\blackmagic_decklink_sdk_11.4\win\samples\fileplayback\win32\release\fileplayback.tlog\rc.command.1.tlog
e:\program kantor\blackmagic_decklink_sdk_11.4\win\samples\fileplayback\win32\release\fileplayback.tlog\rc.read.1.tlog
e:\program kantor\blackmagic_decklink_sdk_11.4\win\samples\fileplayback\win32\release\fileplayback.tlog\rc.write.1.tlog
